 
****************************************
Report : area
Design : mul
Version: H-2013.03-SP4
Date   : Thu Mar 17 16:15:16 2016
****************************************

Library(s) Used:

    scx3_cmos8rf_rvt_tt_1p2v_25c (File: /home/chinmay/lib/ibm130/ibm_8rfdm/sc-x/synopsys/scx3_cmos8rf_rvt_tt_1p2v_25c.db)

Number of ports:                          128
Number of nets:                           128
Number of cells:                            1
Number of combinational cells:              0
Number of sequential cells:                 0
Number of macros/black boxes:               0
Number of buf/inv:                          0
Number of references:                       1

Combinational area:              25526.880054
Buf/Inv area:                     1771.200070
Noncombinational area:               0.000000
Macro/Black Box area:                0.000000
Net Interconnect area:      undefined  (No wire load specified)

Total cell area:                 25526.880054
Total area:                 undefined
1
