Loading db file '/home/chinmay/lib/ibm130/ibm_8rfdm/sc-x/synopsys/scx3_cmos8rf_rvt_tt_1p2v_25c.db'
Information: Propagating switching activity (low effort zero delay simulation). (PWR-6)
Warning: There is no defined clock in the design. (PWR-80)
Warning: Design has unannotated primary inputs. (PWR-414)
 
****************************************
Report : power
        -analysis_effort low
Design : mul
Version: H-2013.03-SP4
Date   : Thu Mar 17 16:15:18 2016
****************************************


Library(s) Used:

    scx3_cmos8rf_rvt_tt_1p2v_25c (File: /home/chinmay/lib/ibm130/ibm_8rfdm/sc-x/synopsys/scx3_cmos8rf_rvt_tt_1p2v_25c.db)


Operating Conditions: scx3_cmos8rf_rvt_tt_1p2v_25c   Library: scx3_cmos8rf_rvt_tt_1p2v_25c
Wire Load Model Mode: top


Global Operating Voltage = 1.2  
Power-specific unit information :
    Voltage Units = 1V
    Capacitance Units = 1.000000pf
    Time Units = 1ns
    Dynamic Power Units = 1mW    (derived from V,C,T units)
    Leakage Power Units = 1pW


  Cell Internal Power  =   9.9856 mW   (80%)
  Net Switching Power  =   2.4369 mW   (20%)
                         ---------
Total Dynamic Power    =  12.4225 mW  (100%)

Cell Leakage Power     = 515.8271 nW

Information: report_power power group summary does not include estimated clock tree power. (PWR-789)

                 Internal         Switching           Leakage            Total
Power Group      Power            Power               Power              Power   (   %    )  Attrs
--------------------------------------------------------------------------------------------------
io_pad             0.0000            0.0000            0.0000            0.0000  (   0.00%)
memory             0.0000            0.0000            0.0000            0.0000  (   0.00%)
black_box          0.0000            0.0000            0.0000            0.0000  (   0.00%)
clock_network      0.0000            0.0000            0.0000            0.0000  (   0.00%)
register           0.0000            0.0000            0.0000            0.0000  (   0.00%)
sequential         0.0000            0.0000            0.0000            0.0000  (   0.00%)
combinational      9.9856            2.4369        5.1583e+05           12.4230  ( 100.00%)
--------------------------------------------------------------------------------------------------
Total              9.9856 mW         2.4369 mW     5.1583e+05 pW        12.4230 mW
1
